<?xml version="1.0" encoding="UTF-8"?>
<!-- Generated by org.testng.reporters.JUnitXMLReporter -->
<testsuite hostname="LAPTOP-B7LV3DMK" ignored="0" name="Login Test" tests="8" failures="0" timestamp="2020-03-07T18:01:01 BDT" time="20.885" errors="0">
  <testcase name="checkloginpagetitle" time="8.74" classname="com.bitm.SeleniumMaven.Test.LoginTest"/>
  <testcase name="logintest" time="6.513" classname="com.bitm.SeleniumMaven.Test.LoginTest"/>
  <testcase name="checkFlightFinderPageTitle" time="0.547" classname="com.bitm.SeleniumMaven.Test.FlightFinderTest"/>
  <testcase name="FindAFlightTest" time="1.735" classname="com.bitm.SeleniumMaven.Test.FlightFinderTest"/>
  <testcase name="checkFlightSelectionPageTitle" time="0.066" classname="com.bitm.SeleniumMaven.Test.FlightSelectionTest"/>
  <testcase name="FlightSelectionTest" time="1.626" classname="com.bitm.SeleniumMaven.Test.FlightSelectionTest"/>
  <testcase name="checkFlightBookingPageTitle" time="0.086" classname="com.bitm.SeleniumMaven.Test.FlightBookingTest"/>
  <testcase name="FlightbookingTest" time="0.0" classname="com.bitm.SeleniumMaven.Test.FlightBookingTest">
    <skipped/>
  </testcase> <!-- FlightbookingTest -->
</testsuite> <!-- Login Test -->
